0.23195   -0.14443   -0.499678
0.32469   -0.0169811   -0.0224212
0.498901   -0.190865   -0.0758421
0.0524302   0.228154   -0.299965
0.438333   0.20002   0.364247
-0.252355   -0.0704166   -0.233165
-0.264423   0.480993   0.0842086
-0.155896   -0.335972   0.0886591
0.0088825   -0.062694   -0.326078
0.118946   -0.0692085   -0.266356
0.229624   -0.288651   0.325852
-0.113854   0.354671   -0.025815
-0.294761   0.253619   0.150756
0.201768   0.00424796   0.423698
-0.0566784   0.149753   -0.101772
0.0391666   0.0674404   0.175166
0.0862938   -0.138139   -0.0556768
0.119586   0.0539102   -0.380851
0.35668   -0.380439   -0.114327
0.35542   0.0470006   0.196984
-0.268783   0.454711   -0.380477
0.142822   0.15952   0.296459
0.189725   -0.0971593   0.409821
0.088041   -0.0408328   -0.0651819
0.126382   -0.352726   -0.308426
-0.499308   -0.368384   0.119034
-0.40291   -0.327943   -0.347428
0.314603   -0.150284   -0.0472448
-0.379728   0.481712   -0.223581
0.397342   -0.27603   -0.134829
-0.221021   0.00548003   0.208237
0.0959303   0.450949   0.0383322
-0.104787   -0.276453   0.137828
0.485979   -0.249614   -0.43601
-0.17954   -0.136979   -0.114345
0.0527386   0.420803   0.102417
-0.240913   -0.366581   0.081651
0.458923   -0.145122   -0.402935
-0.38303   0.243183   -0.157579
-0.0167682   -0.0873966   -0.0810697
-0.186981   0.315988   0.122905
-0.309672   0.386783   0.208163
-0.146179   0.0911509   -0.225767
0.0464776   -0.407974   -0.0255539
-0.349809   0.218826   -0.372078
0.450542   -0.374669   -0.033481
0.471227   -0.000802734   -0.237483
0.29436   -0.0922803   -0.249558
-0.300701   -0.202408   0.137851
0.0215448   -0.276799   -0.148109
-0.333171   0.0440515   0.0998005
-0.433242   0.210894   -0.36563
0.37112   -0.0922169   0.305927
-0.135325   0.103699   -0.0886304
0.0613319   -0.481671   0.405512
-0.199655   0.366498   -0.365842
-0.284274   0.0440657   0.23863
0.0843525   -0.214276   0.0644639
-0.194795   -0.200982   -0.461466
-0.145744   0.49351   -0.482424
0.0390632   0.0272575   0.00808958
-0.362572   0.19143   0.0823513
-0.22661   0.295757   0.382828
0.0247506   0.329606   -0.326924
0.0697492   -0.203165   -0.478157
-0.473385   0.271789   -0.307197
0.257811   0.194078   0.387391
0.47362   0.186889   0.47953
-0.333589   -0.142366   -0.435245
0.473681   -0.188031   -0.193414
0.0889963   -0.13375   0.433454
-0.0691408   -0.274693   -0.38085
0.312704   0.0942826   0.00297385
-0.0810241   -0.2063   0.446581
0.27241   -0.180108   -0.322595
0.389539   -0.435844   -0.421573
-0.0310749   0.176365   0.374554
0.310682   0.00759998   -0.161362
0.491277   0.273421   -0.419382
-0.201085   -0.213587   0.1721
-0.37936   0.440242   -0.42322
0.0995993   -0.164209   0.362757
-0.278365   0.484513   0.20255
-0.315504   -0.45785   -0.247343
-0.487631   -0.468431   -0.212884
0.283808   -0.206438   0.120986
0.0133245   -0.494311   -0.3141
-0.00732838   0.435533   0.46161
0.0081285   -0.128307   -0.387351
0.367668   -0.18869   0.476547
0.289328   -0.343657   0.219703
-0.36346   0.0586065   -0.413128
0.02984   0.00290934   -0.385679
0.159607   0.314859   -0.150782
-0.442374   -0.414939   0.051044
0.298333   -0.207242   0.462201
0.486718   0.121681   -0.0278743
-0.476974   0.186437   -0.0811775
-0.119825   0.345231   0.268219
-0.169922   -0.421585   0.0010144
-0.439916   0.317483   -0.0526495
-0.38584   -0.458285   0.422581
0.140798   -0.484643   0.431684
-0.370511   -0.347377   0.197126
0.357337   0.0420373   0.287887
-0.130839   0.0662717   -0.470452
0.340936   -0.257481   -0.273389
-0.295382   -0.25749   -0.478648
