0.571606   0.00141529   0.634374
0.122226   -0.958958   0.366449
0.485822   -0.175473   -0.048511
-3.152   -1.10225   -1.6867
-1.61291   -0.686519   -1.00922
0.0342255   0.423   -0.823724
-0.664507   0.0139451   0.923793
0.250474   0.463796   -0.890483
-0.37081   0.0166704   -0.439661
-1.18655   1.72078   0.75526
2.04611   0.571576   1.22255
0.990658   0.366311   1.09908
-1.29075   0.568276   0.785777
1.36913   -0.420492   -0.0249672
2.18856   -1.85264   1.96642
-0.103896   2.80304   0.350209
0.217405   -0.480784   -1.78853
0.893954   -1.72682   0.324296
0.0367254   -1.71699   -1.25784
-0.631907   0.283736   -0.493658
-0.881765   0.170002   -1.57435
0.537857   0.869369   -0.13498
-0.466878   2.77283   -0.12631
0.529123   2.88861   0.893286
0.0899284   0.927433   -0.483901
-0.0751704   1.12772   -0.913805
-0.251267   -1.66994   -2.10473
-0.699017   0.502938   0.850547
0.802693   -1.0105   -0.318805
0.583887   0.0396573   -0.335095
-0.806915   -0.806273   0.158219
-1.06894   1.47978   0.27223
-1.11921   -0.818025   0.331055
-0.895061   0.286554   0.826046
-0.338587   -1.09636   -0.490699
0.85611   0.168508   -0.191684
0.957375   -0.545666   -2.28113
-1.04077   -0.349037   0.457657
0.10075   -0.370193   -0.966838
-0.872693   -2.32041   -0.712794
0.30637   -0.457332   -1.66796
2.12154   -0.30419   1.69479
-1.43643   -1.15115   0.307099
0.223371   -0.550899   1.96885
-0.853684   -1.0795   -1.37507
1.80909   0.725145   0.0289097
-0.832592   -0.37644   0.792957
-1.21366   -0.698228   0.424863
-0.806534   1.08394   1.64167
-1.32127   0.696382   -1.11416
0.0554897   -1.79146   -0.592846
-1.31157   0.205174   1.0185
0.100365   -0.636091   0.571549
0.114232   0.787957   0.367959
0.292745   0.185948   -0.51955
1.00395   -0.430358   1.12705
-1.97351   0.0703882   0.0144929
1.28236   0.306715   -0.318919
-0.0966837   1.36762   0.144347
0.971247   0.623423   -0.408212
1.00335   -0.542483   -0.245207
0.363984   2.02957   -0.856105
-1.09924   0.121134   3.0722
-0.0100761   -0.171797   -0.623405
1.19852   1.44292   -1.37348
-0.553732   -2.37722   -0.332105
-0.321521   1.89508   -0.823654
0.523885   -0.503279   -0.628655
0.280913   0.977772   0.815398
2.05166   1.76728   0.763556
-1.66286   -1.78092   0.217922
0.822425   -2.08164   -0.299792
-0.715197   -0.00720722   -0.815324
0.190882   1.56735   -0.340912
1.26539   0.484829   -1.2295
-0.291921   -1.55722   -0.510159
-0.421325   -1.50557   -1.41654
0.948673   0.689452   1.78824
-0.094978   0.826951   -2.67753
0.527917   0.339352   0.66571
-1.11806   0.804073   0.117747
-1.3219   -0.422663   -0.153761
0.602266   1.21187   -1.03885
-0.935878   0.790859   0.78626
1.3047   0.422418   1.54017
-0.581844   -0.98274   1.20526
-1.7415   -0.675954   0.117107
1.44818   -1.28181   1.26919
-0.000557311   -1.65153   0.234035
2.04033   -0.974294   -0.575095
-1.6493   -2.96778   0.0787476
0.822078   -1.47039   -1.05842
0.231263   -0.242347   0.360458
1.31288   0.256233   -0.0878708
0.289352   -0.580198   0.349068
0.184901   1.44268   -0.196801
-1.40723   0.84134   0.0447685
-0.37606   0.511097   -0.706551
1.17984   -0.0834795   -0.140223
-1.74466   1.64564   1.36554
0.17337   -0.585404   0.225343
0.40168   0.495114   0.300121
0.26583   -0.130183   1.41465
0.709405   1.61589   -0.165647
-1.10206   0.635993   -0.87913
1.63775   1.0354   1.52825
1.25952   0.472416   0.603962
-0.460891   -0.682278   1.08591
