0.20734   -0.363828   0.269893
0.423214   0.410897   0.182258
0.396122   -0.455214   -0.121769
-0.372675   -0.162901   -0.143108
0.341508   0.354999   -0.413163
-0.183249   0.134364   0.0245329
-0.032269   -0.441226   0.0910739
-0.233924   -0.334954   0.472222
0.228019   0.176409   0.468511
0.249504   -0.292771   0.429045
-0.278829   -0.310384   -0.304376
-0.0490848   -0.412654   -0.489781
0.246582   0.0651118   0.00583686
-0.200734   0.247347   0.332505
-0.371139   0.187823   -0.220271
-0.216672   -0.359819   -0.456601
0.214644   0.34242   0.214868
-0.194781   0.367959   -0.414505
0.247469   0.130426   -0.179314
-0.154241   0.107591   -0.397654
-0.366021   0.255066   -0.113015
-0.1308   -0.0864612   0.134411
0.293796   -0.371817   0.267417
0.0804214   -0.492631   -0.248817
0.134017   0.461139   0.169445
0.491485   0.0610223   0.0919797
-0.121543   0.266784   0.379871
0.386123   0.0605593   -0.0882321
0.467201   -0.0283103   -0.295857
0.215096   -0.440585   0.0523487
0.282906   0.183306   -0.131742
0.302206   0.115731   -0.0959913
0.0810044   -0.345729   0.226872
-0.294852   -0.234731   0.4527
-0.259829   0.165127   0.0388143
-0.0807209   0.480266   -0.0190088
-0.0389698   -0.108691   0.367875
-0.137457   -0.266156   0.391741
-0.430016   -0.0389314   0.116365
0.330001   0.0764852   -0.0262347
-0.469328   0.315653   -0.346053
-0.410237   0.26797   -0.326727
-0.397882   0.00337039   -0.193152
-0.08269   -0.349108   0.178082
-0.493366   0.390951   -0.202237
-0.113365   -0.494479   0.0602424
-0.272333   -0.000347365   0.450971
-0.386904   0.0739353   -0.281955
-0.157894   0.474018   -0.124331
-0.409828   0.378351   -0.0462591
0.0629306   -0.3508   0.310584
-0.204907   0.283933   0.109231
0.411981   -0.114662   0.0371317
0.052621   0.0314561   -0.246688
-0.169705   -0.349072   -0.235728
-0.370254   0.095226   -0.214439
0.273834   0.285568   0.205167
0.280802   0.430451   0.118748
-0.125369   -0.408478   0.132833
-0.193792   0.433109   0.316227
-0.166203   0.316619   0.199959
0.0240266   0.396007   0.228501
-0.169244   -0.275895   -0.431779
-0.0812862   0.410309   0.389585
-0.173756   0.393289   -0.1264
-0.054469   0.290393   -0.395819
0.371538   0.133396   -0.229665
-0.251936   0.478763   -0.428035
-0.130754   -0.473357   0.303546
-0.168862   -0.265043   -0.102751
0.043121   0.427477   -0.0706784
0.0229398   0.0835137   0.450291
-0.320002   0.0751819   0.121201
-0.307935   0.0251177   -0.0358201
-0.0603992   -0.385702   -0.415966
0.498571   0.196532   -0.249218
0.0943351   -0.242774   -0.228647
0.119906   -0.0726682   -0.262322
-0.117355   0.238562   0.452012
-0.210178   -0.492688   0.0383119
-0.388019   0.367903   -0.134278
0.21821   -0.0476689   0.0796795
0.355138   -0.239244   0.104137
0.29943   0.227568   -0.362291
0.331466   0.297243   0.135357
-0.419436   -0.499416   -0.0115218
0.435902   0.298388   0.498665
-0.431591   -0.228099   0.0505683
-0.0114793   0.0268287   -0.355246
0.256587   0.331398   -0.323959
-0.495969   0.300324   0.241662
0.352884   -0.190932   -0.0298569
-0.109512   0.364546   -0.488415
0.296158   0.487651   -0.0680551
0.312854   -0.341957   0.346125
0.343777   0.358605   -0.00751203
-0.170406   0.138135   0.183604
-0.390227   0.0530793   0.355483
0.497408   -0.391163   -0.26018
0.484895   0.296042   0.106166
-0.471186   0.443537   -0.0754238
0.162457   -0.430813   0.260673
0.0671558   -0.490403   0.0590288
-0.355519   -0.011951   0.201909
-0.399746   -0.0489838   -0.44855
0.217724   -0.277353   -0.0616148
-0.189136   -0.248691   -0.187998
-0.0572372   -0.301939   0.262654
