-0.32165   0.882387   1.16802
-0.0448966   -0.871727   -0.755907
-0.619896   -0.547979   0.602011
-0.667041   -1.22685   0.697706
1.87748   -0.448021   0.437699
0.91265   -2.80606   1.39702
-0.248806   1.40861   -1.65362
0.33205   -0.390452   1.12684
-1.41457   -0.0762043   0.76484
-0.170062   0.575511   1.03446
1.06382   0.142166   -0.615134
-1.75066   -0.701078   2.34888
-0.573131   0.38055   0.181226
-0.366771   -0.747938   -0.306878
-1.46673   0.262335   0.0770295
-0.309019   1.3783   0.36665
-0.0794908   1.35624   -0.360379
1.8128   -2.26106   -0.964684
1.39837   -0.0237838   -0.0286693
-1.48796   -1.02171   -0.375281
1.02824   0.553327   1.97317
0.411777   0.64797   0.610483
-0.656309   -0.0511359   -0.189165
-0.467069   0.724104   -0.988045
-0.0834761   -0.152778   -0.471952
-1.98035   -0.347739   -1.42743
-0.0954827   -1.25685   -1.09055
-0.729619   -1.1118   0.29813
0.298154   -1.38211   0.211773
1.27097   1.3077   -0.864826
-2.57021   -0.240108   0.986387
0.144661   -1.04202   1.69981
2.27066   0.635133   -1.40886
-1.0459   0.335808   -0.179746
0.201045   -0.580558   -1.04294
0.699584   -1.78703   0.430739
-1.17641   -0.479653   0.179112
-0.903337   0.805325   0.393593
0.892344   0.390298   0.809817
1.52791   0.363744   -0.360348
1.36078   0.826588   0.600016
-0.0768543   0.530504   3.21804
0.573882   -0.1102   -1.29993
-0.45285   1.40685   1.48576
1.19186   0.182225   -1.58899
0.895501   -0.986931   -0.5829
-0.422925   1.10092   0.408383
0.104678   -0.647252   -1.35366
0.128363   0.626092   1.214
-2.2939   1.1606   0.0121068
-0.51366   1.46139   0.462165
-1.87778   0.460475   -1.15286
-0.209335   0.671759   0.292676
-0.758791   0.493997   -0.106791
-0.804826   1.67517   0.115253
1.19605   0.344077   -0.93514
-1.67028   -1.52134   0.537228
0.118686   -0.0724545   0.322464
-0.92115   0.688492   2.03542
-0.552202   -0.129309   0.0912201
-0.83159   -1.86123   0.353283
1.73732   -0.11685   -0.800951
1.17128   -0.320006   2.10336
1.12578   -0.72469   1.14933
-0.207944   0.611555   -0.106993
-1.67109   1.52868   0.434801
-0.946855   -0.638974   -0.680043
-1.0567   -0.624348   -0.731113
0.382445   0.260413   0.07868
1.29633   1.99874   -2.10171
-1.749   1.10869   -2.84853
-1.20969   0.26179   0.799642
-2.08599   -0.0476142   -1.24698
0.316102   -1.81135   -2.14675
-0.460142   1.30082   -0.736691
1.00348   -1.23667   0.292992
-0.267994   -1.16444   -0.0710739
-0.207234   -0.11289   -1.83118
-0.397861   0.749697   -0.642588
0.203399   0.560776   -0.429221
-0.314563   0.67269   -0.882348
-0.0465316   -0.282956   0.721847
0.876759   1.61283   1.28001
1.20983   0.186621   -0.713596
-1.12843   2.73075   0.846045
-0.37102   -0.399708   -0.45248
-0.719864   0.764281   0.520722
2.73717   -0.145852   1.39989
0.15652   0.486303   -0.342504
-0.302523   -0.708048   0.149793
1.66731   0.639797   1.08526
-0.0124263   -2.15962   -0.79915
1.23286   -0.196365   -0.120848
0.522987   0.725177   -0.0292191
1.65341   -0.386196   0.13168
2.3857   -0.995292   -2.35305
-0.817493   1.31965   -0.58932
-0.16296   -0.245094   -0.00234602
1.44526   -0.139602   1.88815
-1.70338   -0.0166234   -1.70757
-0.0327489   -1.48426   0.120579
2.42056   -0.577853   0.550295
-0.974628   0.209862   0.52148
-0.961711   1.10006   -0.0553575
-0.0806377   1.19089   0.239961
2.11823   -0.529153   1.14138
1.69674   -3.88684   -1.58687
-0.567345   0.0359339   -0.286136
